
> @yaac/webview@0.1.0 build /Users/mark/coding/apps/YAAC-YourArtisticAide4Commits/packages/webview-ui
> webpack --mode production

asset main.js 528 KiB [emitted] [javascript module] [minimized] [big] (name: main) 2 related assets
asset 8f3abbcbc983396e1f13.ttf?38dcd33a732ebca5a557e04831e9e235 78.3 KiB [emitted] [immutable] [from: ../../node_modules/.pnpm/@vscode+codicons@0.0.36/node_modules/@vscode/codicons/dist/codicon.ttf?38dcd33a732ebca5a557e04831e9e235] (auxiliary name: main)
orphan modules 1.1 MiB [orphan] 324 modules
runtime modules 1.61 KiB 6 modules
cacheable modules 1.03 MiB (javascript) 78.3 KiB (asset)
  modules by path ../../node_modules/.pnpm/ 243 KiB (javascript) 78.3 KiB (asset) 22 modules
  modules by path ../shared/dist/ 2.93 KiB
    modules by path ../shared/dist/types/*.js 464 bytes
      ../shared/dist/types/git.js 387 bytes [built] [code generated]
      ../shared/dist/types/tree-node.js 77 bytes [built] [code generated]
    ../shared/dist/index.js 995 bytes [built] [code generated]
    ../shared/dist/constants/git.js 423 bytes [built] [code generated]
    ../shared/dist/config/validation.js 1.09 KiB [built] [code generated]
  modules by path ./src/ 813 KiB
    ./src/main.tsx + 175 modules 775 KiB [built] [code generated]
    ../../node_modules/.pnpm/css-loader@6.11.0_webpack@5.97.1/node_modules/css-loader/dist/cjs.js??ruleSet[1].rules[2].use[1]!../../node_modules/.pnpm/postcss-loader@8.1.1_postcss@8.4.49_typescript@5.7.2_webpack@5.97.1/node_modules/postcss-loader/dist/cjs.js!./src/styles/global.css 32.4 KiB [built] [code generated]
    ../../node_modules/.pnpm/css-loader@6.11.0_webpack@5.97.1/node_modules/css-loader/dist/cjs.js??ruleSet[1].rules[2].use[1]!../../node_modules/.pnpm/postcss-loader@8.1.1_postcss@8.4.49_typescript@5.7.2_webpack@5.97.1/node_modules/postcss-loader/dist/cjs.js!./src/styles/markdown.css 5.02 KiB [built] [code generated]

WARNING in asset size limit: The following asset(s) exceed the recommended size limit (244 KiB).
This can impact web performance.
Assets: 
  main.js (528 KiB)

WARNING in entrypoint size limit: The following entrypoint(s) combined asset size exceeds the recommended limit (244 KiB). This can impact web performance.
Entrypoints:
  main (528 KiB)
      main.js

WARNING in webpack performance recommendations: 
You can limit the size of your bundles by using import() or require.ensure to lazy load some parts of your application.
For more info visit https://webpack.js.org/guides/code-splitting/

webpack 5.97.1 compiled with 3 warnings in 4218 ms
